<?xml version="1.0" encoding="UTF-8"?>
<!-- Generated by org.testng.reporters.JUnitXMLReporter -->
<testsuite hostname="DESKTOP-N75U7ON" name="General Store Testcases" tests="3" failures="0" timestamp="27 May 2022 14:37:07 GMT" time="91.259" errors="0">
  <testcase name="validateToastMessage" time="4.791" classname="com.MobileAutomationDemo.TestCases.GeneralStore_Tc_1"/>
  <testcase name="productsPageNavigation" time="10.249" classname="com.MobileAutomationDemo.TestCases.GeneralStore_Tc_1"/>
  <testcase name="validateAddToCartOption" time="24.851" classname="com.MobileAutomationDemo.TestCases.GeneralStore_Tc_2"/>
</testsuite> <!-- General Store Testcases -->
