<?xml version="1.0" encoding="UTF-8"?>
<testng-results skipped="0" failed="0" total="1" passed="1">
  <reporter-output>
  </reporter-output>
  <suite name="Mobile Automation Demo" duration-ms="82097" started-at="2022-05-27T11:45:37Z" finished-at="2022-05-27T11:46:59Z">
    <groups>
    </groups>
    <test name="GeneralStore_Tc_1" duration-ms="82097" started-at="2022-05-27T11:45:37Z" finished-at="2022-05-27T11:46:59Z">
      <class name="com.MobileAutomationDemo.TestCases.GeneralStore_Tc_2">
        <test-method status="PASS" signature="startServer()[pri:0, instance:com.MobileAutomationDemo.TestCases.GeneralStore_Tc_2@cd2dae5]" name="startServer" is-config="true" duration-ms="10036" started-at="2022-05-27T17:15:37Z" finished-at="2022-05-27T17:15:47Z">
          <reporter-output>
          </reporter-output>
        </test-method> <!-- startServer -->
        <test-method status="PASS" signature="setCapabilities()[pri:0, instance:com.MobileAutomationDemo.TestCases.GeneralStore_Tc_2@cd2dae5]" name="setCapabilities" is-config="true" duration-ms="37577" started-at="2022-05-27T17:15:47Z" finished-at="2022-05-27T17:16:25Z">
          <reporter-output>
          </reporter-output>
        </test-method> <!-- setCapabilities -->
        <test-method status="PASS" signature="validateAddToCartOption()[pri:0, instance:com.MobileAutomationDemo.TestCases.GeneralStore_Tc_2@cd2dae5]" name="validateAddToCartOption" duration-ms="34195" started-at="2022-05-27T17:16:25Z" finished-at="2022-05-27T17:16:59Z">
          <reporter-output>
          </reporter-output>
        </test-method> <!-- validateAddToCartOption -->
        <test-method status="PASS" signature="stopServer()[pri:0, instance:com.MobileAutomationDemo.TestCases.GeneralStore_Tc_2@cd2dae5]" name="stopServer" is-config="true" duration-ms="13" started-at="2022-05-27T17:16:59Z" finished-at="2022-05-27T17:16:59Z">
          <reporter-output>
          </reporter-output>
        </test-method> <!-- stopServer -->
      </class> <!-- com.MobileAutomationDemo.TestCases.GeneralStore_Tc_2 -->
    </test> <!-- GeneralStore_Tc_1 -->
  </suite> <!-- Mobile Automation Demo -->
</testng-results>
